<?xml version="1.0" encoding="UTF-8"?>
<testsuite xmlns:xsi="http://www.w3.org/2001/XMLSchema-instance" xsi:noNamespaceSchemaLocation="https://maven.apache.org/surefire/maven-surefire-plugin/xsd/surefire-test-report.xsd" version="3.0.2" name="com.springbootchat.chatMuti.ChatMutiApplicationTests" time="3.032" tests="1" errors="0" skipped="0" failures="0">
  <properties>
[...]
</properties>
  <testcase name="contextLoads" classname="com.springbootchat.chatMuti.ChatMutiApplicationTests" time="1.036">
    <system-out><![CDATA[10:04:13.962 [main] INFO org.springframework.test.context.support.AnnotationConfigContextLoaderUtils -- Could not detect default configuration classes for test class [com.springbootchat.chatMuti.ChatMutiApplicationTests]: ChatMutiApplicationTests does not declare any static, non-private, non-final, nested classes annotated with @Configuration.
10:04:14.079 [main] INFO org.springframework.boot.test.context.SpringBootTestContextBootstrapper -- Found @SpringBootConfiguration com.springbootchat.chatMuti.ChatMutiApplication for test class com.springbootchat.chatMuti.ChatMutiApplicationTests
10:04:14.237 [main] INFO org.springframework.boot.devtools.restart.RestartApplicationListener -- Restart disabled due to context in which it is running

  .   ____          _            __ _ _
 /\\ / ___'_ __ _ _(_)_ __  __ _ \ \ \ \
( ( )\___ | '_ | '_| | '_ \/ _` | \ \ \ \
 \\/  ___)| |_)| | | | | || (_| |  ) ) ) )
  '  |____| .__|_| |_|_| |_\__, | / / / /
 =========|_|==============|___/=/_/_/_/

 :: Spring Boot ::                (v3.4.4)

2025-04-10T10:04:14.579+07:00  INFO 14152 --- [chatMuti] [           main] c.s.chatMuti.ChatMutiApplicationTests    : Starting ChatMutiApplicationTests using Java 17.0.8 with PID 14152 (started by FPT-DEMO in D:\HK224\LapTrinhMang\chatMuti\chatMuti)
2025-04-10T10:04:14.579+07:00  INFO 14152 --- [chatMuti] [           main] c.s.chatMuti.ChatMutiApplicationTests    : No active profile set, falling back to 1 default profile: "default"
2025-04-10T10:04:15.794+07:00  INFO 14152 --- [chatMuti] [           main] c.s.chatMuti.ChatMutiApplicationTests    : Started ChatMutiApplicationTests in 1.562 seconds (process running for 2.492)
]]></system-out>
  </testcase>
</testsuite>